<?xml version="1.0" encoding="UTF-8"?>
<testng-results ignored="0" total="1" passed="1" failed="0" skipped="0">
  <reporter-output>
  </reporter-output>
  <suite started-at="2022-11-02T21:14:15 IST" name="Default suite" finished-at="2022-11-02T21:14:17 IST" duration-ms="2179">
    <groups>
      <group name="cucumber">
        <method signature="AbstractTestNGCucumberTests.runScenario(io.cucumber.testng.PickleWrapper, io.cucumber.testng.FeatureWrapper)[pri:0, instance:runner.RunnerC@6a370f4]" name="runScenario" class="io.cucumber.testng.AbstractTestNGCucumberTests"/>
      </group> <!-- cucumber -->
    </groups>
    <test started-at="2022-11-02T21:14:15 IST" name="Default test" finished-at="2022-11-02T21:14:17 IST" duration-ms="2179">
      <class name="runner.RunnerC">
        <test-method is-config="true" signature="setUpClass()[pri:0, instance:runner.RunnerC@6a370f4]" started-at="2022-11-02T21:14:15 IST" name="setUpClass" finished-at="2022-11-02T21:14:15 IST" duration-ms="248" status="PASS">
          <reporter-output>
          </reporter-output>
        </test-method> <!-- setUpClass -->
        <test-method signature="runScenario(io.cucumber.testng.PickleWrapper, io.cucumber.testng.FeatureWrapper)[pri:0, instance:runner.RunnerC@6a370f4]" started-at="2022-11-02T21:14:15 IST" name="runScenario" description="Runs Cucumber Scenarios" data-provider="scenarios" finished-at="2022-11-02T21:14:17 IST" duration-ms="1884" status="PASS">
          <params>
            <param index="0">
              <value>
                <![CDATA["user should be able to add data into database"]]>
              </value>
            </param>
            <param index="1">
              <value>
                <![CDATA["Optional[User is able to post the data into database]"]]>
              </value>
            </param>
          </params>
          <reporter-output>
          </reporter-output>
        </test-method> <!-- runScenario -->
        <test-method is-config="true" signature="tearDownClass()[pri:0, instance:runner.RunnerC@6a370f4]" started-at="2022-11-02T21:14:17 IST" name="tearDownClass" finished-at="2022-11-02T21:14:17 IST" duration-ms="8" status="PASS">
          <reporter-output>
          </reporter-output>
        </test-method> <!-- tearDownClass -->
      </class> <!-- runner.RunnerC -->
    </test> <!-- Default test -->
  </suite> <!-- Default suite -->
</testng-results>
